2021-04-16 12:49:13,160 INFO [(__init__:22)] - 正在初始化driver:<selenium.webdriver.chrome.webdriver.WebDriver (session="379b068b166720dd0d6916441658631c")>
2021-04-16 12:49:13,161 INFO [(page_login:78)] - 正在调用JPress后台登录业务方法,用户名:wangwei,密码:123456,验证码:
2021-04-16 12:49:13,161 INFO [(base_find:46)] - 正在查找元素:('name', 'user')
2021-04-16 12:49:13,182 INFO [(base_input:58)] - 正在对:('name', 'user')元素执行清空操作！
2021-04-16 12:49:13,312 INFO [(base_input:61)] - 正在对:('name', 'user')元素执行输入wangwei操作！
2021-04-16 12:49:13,415 INFO [(base_find:46)] - 正在查找元素:('name', 'pwd')
2021-04-16 12:49:13,435 INFO [(base_input:58)] - 正在对:('name', 'pwd')元素执行清空操作！
2021-04-16 12:49:13,464 INFO [(base_input:61)] - 正在对:('name', 'pwd')元素执行输入123456操作！
2021-04-16 12:49:13,535 INFO [(base_find:46)] - 正在查找元素:('name', 'captcha')
2021-04-16 12:49:13,553 INFO [(base_input:58)] - 正在对:('name', 'captcha')元素执行清空操作！
2021-04-16 12:49:13,576 INFO [(base_input:61)] - 正在对:('name', 'captcha')元素执行输入操作！
2021-04-16 12:49:15,618 INFO [(base_click:69)] - 正在对:('class name', 'btn')元素执行点击操作！
2021-04-16 12:49:15,618 INFO [(base_find:46)] - 正在查找元素:('class name', 'btn')
2021-04-16 12:49:15,763 INFO [(base_get_alertText:85)] - 正在获取弹框文本信息：验证码不能为空
2021-04-16 12:49:16,783 ERROR [(test_login1:64)] - 断言出错,错误信息:assert '密码不能为空' == '验证码不能为空'
  - 验证码不能为空
  ? ^^
  + 密码不能为空
  ? ^
2021-04-16 12:49:16,791 ERROR [(base_save_screenshot:111)] - 断言出错,正在执行截图操作！
2021-04-16 12:49:27,854 INFO [(__init__:22)] - 正在初始化driver:<selenium.webdriver.chrome.webdriver.WebDriver (session="0803c0f347ddbb962a15de20ab4e93b4")>
2021-04-16 12:49:27,854 INFO [(page_login:78)] - 正在调用JPress后台登录业务方法,用户名:汪为,密码:,验证码:8888
2021-04-16 12:49:27,854 INFO [(base_find:46)] - 正在查找元素:('name', 'user')
2021-04-16 12:49:27,877 INFO [(base_input:58)] - 正在对:('name', 'user')元素执行清空操作！
2021-04-16 12:49:27,981 INFO [(base_input:61)] - 正在对:('name', 'user')元素执行输入汪为操作！
2021-04-16 12:49:28,042 INFO [(base_find:46)] - 正在查找元素:('name', 'pwd')
2021-04-16 12:49:28,059 INFO [(base_input:58)] - 正在对:('name', 'pwd')元素执行清空操作！
2021-04-16 12:49:28,086 INFO [(base_input:61)] - 正在对:('name', 'pwd')元素执行输入操作！
2021-04-16 12:49:28,120 INFO [(base_find:46)] - 正在查找元素:('name', 'captcha')
2021-04-16 12:49:28,138 INFO [(base_input:58)] - 正在对:('name', 'captcha')元素执行清空操作！
2021-04-16 12:49:28,169 INFO [(base_input:61)] - 正在对:('name', 'captcha')元素执行输入8888操作！
2021-04-16 12:49:30,230 INFO [(base_click:69)] - 正在对:('class name', 'btn')元素执行点击操作！
2021-04-16 12:49:30,230 INFO [(base_find:46)] - 正在查找元素:('class name', 'btn')
2021-04-16 12:49:30,329 INFO [(base_get_alertText:85)] - 正在获取弹框文本信息：密码不能为空
2021-04-16 12:49:40,851 INFO [(__init__:22)] - 正在初始化driver:<selenium.webdriver.chrome.webdriver.WebDriver (session="d8809fa8c61b652209392c92f214992e")>
2021-04-16 12:49:40,851 INFO [(page_login:78)] - 正在调用JPress后台登录业务方法,用户名:admin,密码:123456,验证码:666
2021-04-16 12:49:40,851 INFO [(base_find:46)] - 正在查找元素:('name', 'user')
2021-04-16 12:49:40,893 INFO [(base_input:58)] - 正在对:('name', 'user')元素执行清空操作！
2021-04-16 12:49:41,006 INFO [(base_input:61)] - 正在对:('name', 'user')元素执行输入admin操作！
2021-04-16 12:49:41,081 INFO [(base_find:46)] - 正在查找元素:('name', 'pwd')
2021-04-16 12:49:41,096 INFO [(base_input:58)] - 正在对:('name', 'pwd')元素执行清空操作！
2021-04-16 12:49:41,125 INFO [(base_input:61)] - 正在对:('name', 'pwd')元素执行输入123456操作！
2021-04-16 12:49:41,203 INFO [(base_find:46)] - 正在查找元素:('name', 'captcha')
2021-04-16 12:49:41,229 INFO [(base_input:58)] - 正在对:('name', 'captcha')元素执行清空操作！
2021-04-16 12:49:41,254 INFO [(base_input:61)] - 正在对:('name', 'captcha')元素执行输入666操作！
2021-04-16 12:49:43,306 INFO [(base_click:69)] - 正在对:('class name', 'btn')元素执行点击操作！
2021-04-16 12:49:43,306 INFO [(base_find:46)] - 正在查找元素:('class name', 'btn')
2021-04-16 12:49:43,400 INFO [(base_get_alertText:85)] - 正在获取弹框文本信息：验证码不正确，请重新输入
2021-04-16 12:49:44,418 ERROR [(test_login2:82)] - 断言出错,错误信息:assert '验证码不正确' == '验证码不正确，请重新输入'
  - 验证码不正确，请重新输入
  + 验证码不正确
2021-04-16 12:49:44,420 ERROR [(base_save_screenshot:111)] - 断言出错,正在执行截图操作！
2021-04-16 12:49:53,918 INFO [(__init__:22)] - 正在初始化driver:<selenium.webdriver.chrome.webdriver.WebDriver (session="37904e20a5eea6623f3e78462c6b8cb2")>
2021-04-16 12:49:53,918 INFO [(page_login:78)] - 正在调用JPress后台登录业务方法,用户名:,密码:123456,验证码:666
2021-04-16 12:49:53,918 INFO [(base_find:46)] - 正在查找元素:('name', 'user')
2021-04-16 12:49:53,947 INFO [(base_input:58)] - 正在对:('name', 'user')元素执行清空操作！
2021-04-16 12:49:54,062 INFO [(base_input:61)] - 正在对:('name', 'user')元素执行输入操作！
2021-04-16 12:49:54,113 INFO [(base_find:46)] - 正在查找元素:('name', 'pwd')
2021-04-16 12:49:54,133 INFO [(base_input:58)] - 正在对:('name', 'pwd')元素执行清空操作！
2021-04-16 12:49:54,163 INFO [(base_input:61)] - 正在对:('name', 'pwd')元素执行输入123456操作！
2021-04-16 12:49:54,294 INFO [(base_find:46)] - 正在查找元素:('name', 'captcha')
2021-04-16 12:49:54,313 INFO [(base_input:58)] - 正在对:('name', 'captcha')元素执行清空操作！
2021-04-16 12:49:54,342 INFO [(base_input:61)] - 正在对:('name', 'captcha')元素执行输入666操作！
2021-04-16 12:49:56,396 INFO [(base_click:69)] - 正在对:('class name', 'btn')元素执行点击操作！
2021-04-16 12:49:56,396 INFO [(base_find:46)] - 正在查找元素:('class name', 'btn')
2021-04-16 12:49:56,699 INFO [(base_get_alertText:85)] - 正在获取弹框文本信息：账号不能为空
2021-04-16 12:49:57,719 ERROR [(test_login3:100)] - 断言出错,错误信息:assert '账号能为空' == '账号不能为空'
  - 账号不能为空
  ?   -
  + 账号能为空
2021-04-16 12:49:57,721 ERROR [(base_save_screenshot:111)] - 断言出错,正在执行截图操作！
2021-04-16 12:50:08,164 INFO [(__init__:22)] - 正在初始化driver:<selenium.webdriver.chrome.webdriver.WebDriver (session="eb627e7acf80e121ce1075bfb78db63f")>
2021-04-16 12:50:20,476 INFO [(base_get_title:90)] - 正在获取文档标题：登录JPress
2021-04-16 12:50:20,485 ERROR [(test_login4:119)] - 断言出错,错误信息:assert 'JSpress后台登录' == '登录JPress'
  - 登录JPress
  + JSpress后台登录
2021-04-16 12:50:20,487 ERROR [(base_save_screenshot:111)] - 断言出错,正在执行截图操作！
